Arguments: 
  /Users/mac/.nvm/versions/node/v8.9.0/bin/node /usr/local/bin/yarn add inquirer

PATH: 
  /Users/mac/.nvm/versions/node/v8.9.0/bin:~/.composer/vendor/bin:/usr/local/etc/nginx/sbin:~/.composer/vendor/bin:/usr/local/etc/nginx/sbin:/Users/mac/workspace/kr-dev:/Users/mac/workspace/kr-dev/bin:/usr/local/bin:/usr/bin:/bin:/usr/sbin:/sbin

Yarn version: 
  1.6.0

Node version: 
  8.9.0

Platform: 
  darwin x64

Trace: 
  Error: https://registry.npmjs.org/inquirer: ETIMEDOUT
      at Timeout._onTimeout (/usr/local/lib/node_modules/yarn/lib/cli.js:133819:19)
      at ontimeout (timers.js:475:11)
      at tryOnTimeout (timers.js:310:5)
      at Timer.listOnTimeout (timers.js:270:5)

npm manifest: 
  {
    "dependencies": {
      "commander": "^2.19.0"
    }
  }

yarn manifest: 
  No manifest

Lockfile: 
  # THIS IS AN AUTOGENERATED FILE. DO NOT EDIT THIS FILE DIRECTLY.
  # yarn lockfile v1
  
  
  commander@^2.19.0:
    version "2.19.0"
    resolved "https://registry.yarnpkg.com/commander/-/commander-2.19.0.tgz#f6198aa84e5b83c46054b94ddedbfed5ee9ff12a"
